<?xml version="1.0" encoding="UTF-8"?>
<testng-results ignored="0" total="1" passed="1" failed="0" skipped="0">
  <reporter-output>
  </reporter-output>
  <suite started-at="2025-07-26T13:03:16 IST" name="Default suite" finished-at="2025-07-26T13:03:17 IST" duration-ms="1233">
    <groups>
    </groups>
    <test started-at="2025-07-26T13:03:16 IST" name="Default test" finished-at="2025-07-26T13:03:17 IST" duration-ms="1233">
      <class name="mailosaur.TestMail">
        <test-method signature="testExample()[pri:0, instance:mailosaur.TestMail@1aafa419]" started-at="2025-07-26T13:03:16 IST" name="testExample" finished-at="2025-07-26T13:03:17 IST" duration-ms="1214" status="PASS">
          <reporter-output>
          </reporter-output>
        </test-method> <!-- testExample -->
      </class> <!-- mailosaur.TestMail -->
    </test> <!-- Default test -->
  </suite> <!-- Default suite -->
</testng-results>
