<?xml version="1.0" encoding="UTF-8"?>
<testng-results ignored="0" total="1" passed="1" failed="0" skipped="0">
  <reporter-output>
  </reporter-output>
  <suite started-at="2025-07-26T14:01:45 IST" name="Default suite" finished-at="2025-07-26T14:01:47 IST" duration-ms="1709">
    <groups>
    </groups>
    <test started-at="2025-07-26T14:01:45 IST" name="Default test" finished-at="2025-07-26T14:01:47 IST" duration-ms="1709">
      <class name="mailosaur.MailWithAttchments">
        <test-method signature="testAttachmentExample()[pri:0, instance:mailosaur.MailWithAttchments@2f4948e4]" started-at="2025-07-26T14:01:45 IST" name="testAttachmentExample" finished-at="2025-07-26T14:01:47 IST" duration-ms="1693" status="PASS">
          <reporter-output>
          </reporter-output>
        </test-method> <!-- testAttachmentExample -->
      </class> <!-- mailosaur.MailWithAttchments -->
    </test> <!-- Default test -->
  </suite> <!-- Default suite -->
</testng-results>
