<?xml version="1.0" encoding="UTF-8"?>
<!-- Generated by org.testng.reporters.JUnitReportReporter -->
<testsuite hostname="Anujams-Mac-mini.local" failures="0" tests="2" name="mailosaur.MailWithAttchments" time="2.240" errors="0" timestamp="2025-07-26T13:49:16 IST" skipped="0">
  <testcase classname="mailosaur.MailWithAttchments" name="testExample" time="1.248"/>
  <testcase classname="mailosaur.MailWithAttchments" name="testAttachmentExample" time="0.992"/>
</testsuite> <!-- mailosaur.MailWithAttchments -->
